2018-11-18 01:27:46.698 [JavaFX Application Thread] INFO  bnb.login.LoginController - User successfully logged in admin
2018-11-18 01:28:33.137 [JavaFX Application Thread] INFO  bnb.login.LoginController - User successfully logged in admin
2018-11-18 01:29:16.662 [JavaFX Application Thread] INFO  bnb.login.LoginController - User successfully logged in admin
2018-11-18 01:30:05.473 [JavaFX Application Thread] INFO  bnb.login.LoginController - User successfully logged in admin
2018-11-18 11:40:14.070 [JavaFX Application Thread] ERROR bnb.login.LoginController - {}
javafx.fxml.LoadException: Invalid identifier.
file:/C:/Users/ahbe1/OneDrive/Documents/NetBeansProjects/BnB/dist/run2082265043/BnB.jar!/bnb/addMember/addmember.fxml:17

	at javafx.fxml.FXMLLoader.constructLoadException(FXMLLoader.java:2597) ~[jfxrt.jar:?]
	at javafx.fxml.FXMLLoader.access$100(FXMLLoader.java:103) ~[jfxrt.jar:?]
	at javafx.fxml.FXMLLoader$ValueElement.processAttribute(FXMLLoader.java:901) ~[jfxrt.jar:?]
	at javafx.fxml.FXMLLoader$InstanceDeclarationElement.processAttribute(FXMLLoader.java:971) ~[jfxrt.jar:?]
	at javafx.fxml.FXMLLoader$Element.processStartElement(FXMLLoader.java:220) ~[jfxrt.jar:?]
	at javafx.fxml.FXMLLoader$ValueElement.processStartElement(FXMLLoader.java:744) ~[jfxrt.jar:?]
	at javafx.fxml.FXMLLoader.processStartElement(FXMLLoader.java:2707) ~[jfxrt.jar:?]
	at javafx.fxml.FXMLLoader.loadImpl(FXMLLoader.java:2527) ~[jfxrt.jar:?]
	at javafx.fxml.FXMLLoader.loadImpl(FXMLLoader.java:2441) ~[jfxrt.jar:?]
	at javafx.fxml.FXMLLoader.loadImpl(FXMLLoader.java:3214) ~[jfxrt.jar:?]
	at javafx.fxml.FXMLLoader.loadImpl(FXMLLoader.java:3175) ~[jfxrt.jar:?]
	at javafx.fxml.FXMLLoader.loadImpl(FXMLLoader.java:3148) ~[jfxrt.jar:?]
	at javafx.fxml.FXMLLoader.loadImpl(FXMLLoader.java:3124) ~[jfxrt.jar:?]
	at javafx.fxml.FXMLLoader.loadImpl(FXMLLoader.java:3104) ~[jfxrt.jar:?]
	at javafx.fxml.FXMLLoader.load(FXMLLoader.java:3097) ~[jfxrt.jar:?]
	at bnb.login.LoginController.loadMain(LoginController.java:65) ~[BnB.jar:1.0]
	at bnb.login.LoginController.handleLoginButtonAction(LoginController.java:45) ~[BnB.jar:1.0]
	at sun.reflect.NativeMethodAccessorImpl.invoke0(Native Method) ~[?:1.8.0_181]
	at sun.reflect.NativeMethodAccessorImpl.invoke(NativeMethodAccessorImpl.java:62) ~[?:1.8.0_181]
	at sun.reflect.DelegatingMethodAccessorImpl.invoke(DelegatingMethodAccessorImpl.java:43) ~[?:1.8.0_181]
	at java.lang.reflect.Method.invoke(Method.java:498) ~[?:1.8.0_181]
	at sun.reflect.misc.Trampoline.invoke(MethodUtil.java:71) ~[?:1.8.0_181]
	at sun.reflect.GeneratedMethodAccessor2.invoke(Unknown Source) ~[?:?]
	at sun.reflect.DelegatingMethodAccessorImpl.invoke(DelegatingMethodAccessorImpl.java:43) ~[?:1.8.0_181]
	at java.lang.reflect.Method.invoke(Method.java:498) ~[?:1.8.0_181]
	at sun.reflect.misc.MethodUtil.invoke(MethodUtil.java:275) ~[?:1.8.0_181]
	at javafx.fxml.FXMLLoader$MethodHandler.invoke(FXMLLoader.java:1769) ~[jfxrt.jar:?]
	at javafx.fxml.FXMLLoader$ControllerMethodEventHandler.handle(FXMLLoader.java:1657) ~[jfxrt.jar:?]
	at com.sun.javafx.event.CompositeEventHandler.dispatchBubblingEvent(CompositeEventHandler.java:86) ~[jfxrt.jar:?]
	at com.sun.javafx.event.EventHandlerManager.dispatchBubblingEvent(EventHandlerManager.java:238) ~[jfxrt.jar:?]
	at com.sun.javafx.event.EventHandlerManager.dispatchBubblingEvent(EventHandlerManager.java:191) ~[jfxrt.jar:?]
	at com.sun.javafx.event.CompositeEventDispatcher.dispatchBubblingEvent(CompositeEventDispatcher.java:59) ~[jfxrt.jar:?]
	at com.sun.javafx.event.BasicEventDispatcher.dispatchEvent(BasicEventDispatcher.java:58) ~[jfxrt.jar:?]
	at com.sun.javafx.event.EventDispatchChainImpl.dispatchEvent(EventDispatchChainImpl.java:114) ~[jfxrt.jar:?]
	at com.sun.javafx.event.BasicEventDispatcher.dispatchEvent(BasicEventDispatcher.java:56) ~[jfxrt.jar:?]
	at com.sun.javafx.event.EventDispatchChainImpl.dispatchEvent(EventDispatchChainImpl.java:114) ~[jfxrt.jar:?]
	at com.sun.javafx.event.BasicEventDispatcher.dispatchEvent(BasicEventDispatcher.java:56) ~[jfxrt.jar:?]
	at com.sun.javafx.event.EventDispatchChainImpl.dispatchEvent(EventDispatchChainImpl.java:114) ~[jfxrt.jar:?]
	at com.sun.javafx.event.EventUtil.fireEventImpl(EventUtil.java:74) ~[jfxrt.jar:?]
	at com.sun.javafx.event.EventUtil.fireEvent(EventUtil.java:49) ~[jfxrt.jar:?]
	at javafx.event.Event.fireEvent(Event.java:198) ~[jfxrt.jar:?]
	at javafx.scene.Node.fireEvent(Node.java:8411) ~[jfxrt.jar:?]
	at javafx.scene.control.Button.fire(Button.java:185) ~[jfxrt.jar:?]
	at com.sun.javafx.scene.control.behavior.ButtonBehavior.mouseReleased(ButtonBehavior.java:182) ~[jfxrt.jar:?]
	at com.sun.javafx.scene.control.skin.BehaviorSkinBase$1.handle(BehaviorSkinBase.java:96) ~[jfxrt.jar:?]
	at com.sun.javafx.scene.control.skin.BehaviorSkinBase$1.handle(BehaviorSkinBase.java:89) ~[jfxrt.jar:?]
	at com.sun.javafx.event.CompositeEventHandler$NormalEventHandlerRecord.handleBubblingEvent(CompositeEventHandler.java:218) ~[jfxrt.jar:?]
	at com.sun.javafx.event.CompositeEventHandler.dispatchBubblingEvent(CompositeEventHandler.java:80) ~[jfxrt.jar:?]
	at com.sun.javafx.event.EventHandlerManager.dispatchBubblingEvent(EventHandlerManager.java:238) ~[jfxrt.jar:?]
	at com.sun.javafx.event.EventHandlerManager.dispatchBubblingEvent(EventHandlerManager.java:191) ~[jfxrt.jar:?]
	at com.sun.javafx.event.CompositeEventDispatcher.dispatchBubblingEvent(CompositeEventDispatcher.java:59) ~[jfxrt.jar:?]
	at com.sun.javafx.event.BasicEventDispatcher.dispatchEvent(BasicEventDispatcher.java:58) ~[jfxrt.jar:?]
	at com.sun.javafx.event.EventDispatchChainImpl.dispatchEvent(EventDispatchChainImpl.java:114) ~[jfxrt.jar:?]
	at com.sun.javafx.event.BasicEventDispatcher.dispatchEvent(BasicEventDispatcher.java:56) ~[jfxrt.jar:?]
	at com.sun.javafx.event.EventDispatchChainImpl.dispatchEvent(EventDispatchChainImpl.java:114) ~[jfxrt.jar:?]
	at com.sun.javafx.event.BasicEventDispatcher.dispatchEvent(BasicEventDispatcher.java:56) ~[jfxrt.jar:?]
	at com.sun.javafx.event.EventDispatchChainImpl.dispatchEvent(EventDispatchChainImpl.java:114) ~[jfxrt.jar:?]
	at com.sun.javafx.event.EventUtil.fireEventImpl(EventUtil.java:74) ~[jfxrt.jar:?]
	at com.sun.javafx.event.EventUtil.fireEvent(EventUtil.java:54) ~[jfxrt.jar:?]
	at javafx.event.Event.fireEvent(Event.java:198) ~[jfxrt.jar:?]
	at javafx.scene.Scene$MouseHandler.process(Scene.java:3757) ~[jfxrt.jar:?]
	at javafx.scene.Scene$MouseHandler.access$1500(Scene.java:3485) ~[jfxrt.jar:?]
	at javafx.scene.Scene.impl_processMouseEvent(Scene.java:1762) ~[jfxrt.jar:?]
	at javafx.scene.Scene$ScenePeerListener.mouseEvent(Scene.java:2494) ~[jfxrt.jar:?]
	at com.sun.javafx.tk.quantum.GlassViewEventHandler$MouseEventNotification.run(GlassViewEventHandler.java:394) ~[jfxrt.jar:?]
	at com.sun.javafx.tk.quantum.GlassViewEventHandler$MouseEventNotification.run(GlassViewEventHandler.java:295) ~[jfxrt.jar:?]
	at java.security.AccessController.doPrivileged(Native Method) ~[?:1.8.0_181]
	at com.sun.javafx.tk.quantum.GlassViewEventHandler.lambda$handleMouseEvent$353(GlassViewEventHandler.java:432) ~[jfxrt.jar:?]
	at com.sun.javafx.tk.quantum.QuantumToolkit.runWithoutRenderLock(QuantumToolkit.java:389) ~[jfxrt.jar:?]
	at com.sun.javafx.tk.quantum.GlassViewEventHandler.handleMouseEvent(GlassViewEventHandler.java:431) ~[jfxrt.jar:?]
	at com.sun.glass.ui.View.handleMouseEvent(View.java:555) ~[jfxrt.jar:?]
	at com.sun.glass.ui.View.notifyMouse(View.java:937) ~[jfxrt.jar:?]
	at com.sun.glass.ui.win.WinApplication._runLoop(Native Method) ~[jfxrt.jar:?]
	at com.sun.glass.ui.win.WinApplication.lambda$null$147(WinApplication.java:177) ~[jfxrt.jar:?]
	at java.lang.Thread.run(Thread.java:748) [?:1.8.0_181]
2018-11-18 11:40:14.087 [JavaFX Application Thread] INFO  bnb.login.LoginController - User successfully logged in admin
2018-11-18 11:41:59.223 [JavaFX Application Thread] INFO  bnb.login.LoginController - User successfully logged in admin
2018-11-18 11:44:14.561 [JavaFX Application Thread] INFO  bnb.login.LoginController - User successfully logged in admin
2018-11-18 11:45:36.495 [JavaFX Application Thread] INFO  bnb.login.LoginController - User successfully logged in admin
2018-11-18 12:10:10.376 [JavaFX Application Thread] INFO  bnb.login.LoginController - User successfully logged in admin
2018-11-18 15:07:04.451 [JavaFX Application Thread] ERROR bnb.login.LoginController - {}
javafx.fxml.LoadException: 
file:/C:/Users/ahbe1/OneDrive/Documents/NetBeansProjects/BnB/dist/run1683006788/BnB.jar!/bnb/clientMain/cmain.fxml

	at javafx.fxml.FXMLLoader.constructLoadException(FXMLLoader.java:2601) ~[jfxrt.jar:?]
	at javafx.fxml.FXMLLoader.importClass(FXMLLoader.java:2848) ~[jfxrt.jar:?]
	at javafx.fxml.FXMLLoader.processImport(FXMLLoader.java:2692) ~[jfxrt.jar:?]
	at javafx.fxml.FXMLLoader.processProcessingInstruction(FXMLLoader.java:2661) ~[jfxrt.jar:?]
	at javafx.fxml.FXMLLoader.loadImpl(FXMLLoader.java:2517) ~[jfxrt.jar:?]
	at javafx.fxml.FXMLLoader.loadImpl(FXMLLoader.java:2441) ~[jfxrt.jar:?]
	at javafx.fxml.FXMLLoader.loadImpl(FXMLLoader.java:3214) ~[jfxrt.jar:?]
	at javafx.fxml.FXMLLoader.loadImpl(FXMLLoader.java:3175) ~[jfxrt.jar:?]
	at javafx.fxml.FXMLLoader.loadImpl(FXMLLoader.java:3148) ~[jfxrt.jar:?]
	at javafx.fxml.FXMLLoader.loadImpl(FXMLLoader.java:3124) ~[jfxrt.jar:?]
	at javafx.fxml.FXMLLoader.loadImpl(FXMLLoader.java:3104) ~[jfxrt.jar:?]
	at javafx.fxml.FXMLLoader.load(FXMLLoader.java:3097) ~[jfxrt.jar:?]
	at bnb.login.LoginController.loadMain(LoginController.java:65) ~[BnB.jar:1.0]
	at bnb.login.LoginController.handleLoginButtonAction(LoginController.java:45) ~[BnB.jar:1.0]
	at sun.reflect.NativeMethodAccessorImpl.invoke0(Native Method) ~[?:1.8.0_181]
	at sun.reflect.NativeMethodAccessorImpl.invoke(NativeMethodAccessorImpl.java:62) ~[?:1.8.0_181]
	at sun.reflect.DelegatingMethodAccessorImpl.invoke(DelegatingMethodAccessorImpl.java:43) ~[?:1.8.0_181]
	at java.lang.reflect.Method.invoke(Method.java:498) ~[?:1.8.0_181]
	at sun.reflect.misc.Trampoline.invoke(MethodUtil.java:71) ~[?:1.8.0_181]
	at sun.reflect.GeneratedMethodAccessor2.invoke(Unknown Source) ~[?:?]
	at sun.reflect.DelegatingMethodAccessorImpl.invoke(DelegatingMethodAccessorImpl.java:43) ~[?:1.8.0_181]
	at java.lang.reflect.Method.invoke(Method.java:498) ~[?:1.8.0_181]
	at sun.reflect.misc.MethodUtil.invoke(MethodUtil.java:275) ~[?:1.8.0_181]
	at javafx.fxml.FXMLLoader$MethodHandler.invoke(FXMLLoader.java:1769) ~[jfxrt.jar:?]
	at javafx.fxml.FXMLLoader$ControllerMethodEventHandler.handle(FXMLLoader.java:1657) ~[jfxrt.jar:?]
	at com.sun.javafx.event.CompositeEventHandler.dispatchBubblingEvent(CompositeEventHandler.java:86) ~[jfxrt.jar:?]
	at com.sun.javafx.event.EventHandlerManager.dispatchBubblingEvent(EventHandlerManager.java:238) ~[jfxrt.jar:?]
	at com.sun.javafx.event.EventHandlerManager.dispatchBubblingEvent(EventHandlerManager.java:191) ~[jfxrt.jar:?]
	at com.sun.javafx.event.CompositeEventDispatcher.dispatchBubblingEvent(CompositeEventDispatcher.java:59) ~[jfxrt.jar:?]
	at com.sun.javafx.event.BasicEventDispatcher.dispatchEvent(BasicEventDispatcher.java:58) ~[jfxrt.jar:?]
	at com.sun.javafx.event.EventDispatchChainImpl.dispatchEvent(EventDispatchChainImpl.java:114) ~[jfxrt.jar:?]
	at com.sun.javafx.event.BasicEventDispatcher.dispatchEvent(BasicEventDispatcher.java:56) ~[jfxrt.jar:?]
	at com.sun.javafx.event.EventDispatchChainImpl.dispatchEvent(EventDispatchChainImpl.java:114) ~[jfxrt.jar:?]
	at com.sun.javafx.event.BasicEventDispatcher.dispatchEvent(BasicEventDispatcher.java:56) ~[jfxrt.jar:?]
	at com.sun.javafx.event.EventDispatchChainImpl.dispatchEvent(EventDispatchChainImpl.java:114) ~[jfxrt.jar:?]
	at com.sun.javafx.event.EventUtil.fireEventImpl(EventUtil.java:74) ~[jfxrt.jar:?]
	at com.sun.javafx.event.EventUtil.fireEvent(EventUtil.java:49) ~[jfxrt.jar:?]
	at javafx.event.Event.fireEvent(Event.java:198) ~[jfxrt.jar:?]
	at javafx.scene.Node.fireEvent(Node.java:8411) ~[jfxrt.jar:?]
	at javafx.scene.control.Button.fire(Button.java:185) ~[jfxrt.jar:?]
	at com.sun.javafx.scene.control.behavior.ButtonBehavior.mouseReleased(ButtonBehavior.java:182) ~[jfxrt.jar:?]
	at com.sun.javafx.scene.control.skin.BehaviorSkinBase$1.handle(BehaviorSkinBase.java:96) ~[jfxrt.jar:?]
	at com.sun.javafx.scene.control.skin.BehaviorSkinBase$1.handle(BehaviorSkinBase.java:89) ~[jfxrt.jar:?]
	at com.sun.javafx.event.CompositeEventHandler$NormalEventHandlerRecord.handleBubblingEvent(CompositeEventHandler.java:218) ~[jfxrt.jar:?]
	at com.sun.javafx.event.CompositeEventHandler.dispatchBubblingEvent(CompositeEventHandler.java:80) ~[jfxrt.jar:?]
	at com.sun.javafx.event.EventHandlerManager.dispatchBubblingEvent(EventHandlerManager.java:238) ~[jfxrt.jar:?]
	at com.sun.javafx.event.EventHandlerManager.dispatchBubblingEvent(EventHandlerManager.java:191) ~[jfxrt.jar:?]
	at com.sun.javafx.event.CompositeEventDispatcher.dispatchBubblingEvent(CompositeEventDispatcher.java:59) ~[jfxrt.jar:?]
	at com.sun.javafx.event.BasicEventDispatcher.dispatchEvent(BasicEventDispatcher.java:58) ~[jfxrt.jar:?]
	at com.sun.javafx.event.EventDispatchChainImpl.dispatchEvent(EventDispatchChainImpl.java:114) ~[jfxrt.jar:?]
	at com.sun.javafx.event.BasicEventDispatcher.dispatchEvent(BasicEventDispatcher.java:56) ~[jfxrt.jar:?]
	at com.sun.javafx.event.EventDispatchChainImpl.dispatchEvent(EventDispatchChainImpl.java:114) ~[jfxrt.jar:?]
	at com.sun.javafx.event.BasicEventDispatcher.dispatchEvent(BasicEventDispatcher.java:56) ~[jfxrt.jar:?]
	at com.sun.javafx.event.EventDispatchChainImpl.dispatchEvent(EventDispatchChainImpl.java:114) ~[jfxrt.jar:?]
	at com.sun.javafx.event.EventUtil.fireEventImpl(EventUtil.java:74) ~[jfxrt.jar:?]
	at com.sun.javafx.event.EventUtil.fireEvent(EventUtil.java:54) ~[jfxrt.jar:?]
	at javafx.event.Event.fireEvent(Event.java:198) ~[jfxrt.jar:?]
	at javafx.scene.Scene$MouseHandler.process(Scene.java:3757) ~[jfxrt.jar:?]
	at javafx.scene.Scene$MouseHandler.access$1500(Scene.java:3485) ~[jfxrt.jar:?]
	at javafx.scene.Scene.impl_processMouseEvent(Scene.java:1762) ~[jfxrt.jar:?]
	at javafx.scene.Scene$ScenePeerListener.mouseEvent(Scene.java:2494) ~[jfxrt.jar:?]
	at com.sun.javafx.tk.quantum.GlassViewEventHandler$MouseEventNotification.run(GlassViewEventHandler.java:394) ~[jfxrt.jar:?]
	at com.sun.javafx.tk.quantum.GlassViewEventHandler$MouseEventNotification.run(GlassViewEventHandler.java:295) ~[jfxrt.jar:?]
	at java.security.AccessController.doPrivileged(Native Method) ~[?:1.8.0_181]
	at com.sun.javafx.tk.quantum.GlassViewEventHandler.lambda$handleMouseEvent$353(GlassViewEventHandler.java:432) ~[jfxrt.jar:?]
	at com.sun.javafx.tk.quantum.QuantumToolkit.runWithoutRenderLock(QuantumToolkit.java:389) ~[jfxrt.jar:?]
	at com.sun.javafx.tk.quantum.GlassViewEventHandler.handleMouseEvent(GlassViewEventHandler.java:431) ~[jfxrt.jar:?]
	at com.sun.glass.ui.View.handleMouseEvent(View.java:555) ~[jfxrt.jar:?]
	at com.sun.glass.ui.View.notifyMouse(View.java:937) ~[jfxrt.jar:?]
	at com.sun.glass.ui.win.WinApplication._runLoop(Native Method) ~[jfxrt.jar:?]
	at com.sun.glass.ui.win.WinApplication.lambda$null$147(WinApplication.java:177) ~[jfxrt.jar:?]
	at java.lang.Thread.run(Thread.java:748) [?:1.8.0_181]
Caused by: java.lang.ClassNotFoundException: com.gluonhq.charm.glisten.control.Icon
	at java.net.URLClassLoader.findClass(URLClassLoader.java:381) ~[?:1.8.0_181]
	at java.lang.ClassLoader.loadClass(ClassLoader.java:424) ~[?:1.8.0_181]
	at sun.misc.Launcher$AppClassLoader.loadClass(Launcher.java:349) ~[?:1.8.0_181]
	at java.lang.ClassLoader.loadClass(ClassLoader.java:357) ~[?:1.8.0_181]
	at javafx.fxml.FXMLLoader.loadTypeForPackage(FXMLLoader.java:2916) ~[jfxrt.jar:?]
	at javafx.fxml.FXMLLoader.loadType(FXMLLoader.java:2905) ~[jfxrt.jar:?]
	at javafx.fxml.FXMLLoader.importClass(FXMLLoader.java:2846) ~[jfxrt.jar:?]
	... 70 more
2018-11-18 15:07:04.479 [JavaFX Application Thread] INFO  bnb.login.LoginController - User successfully logged in admin
2018-11-18 15:11:57.512 [JavaFX Application Thread] ERROR bnb.login.LoginController - {}
javafx.fxml.LoadException: 
file:/C:/Users/ahbe1/OneDrive/Documents/NetBeansProjects/BnB/dist/run1756030667/BnB.jar!/bnb/clientMain/cmain.fxml

	at javafx.fxml.FXMLLoader.constructLoadException(FXMLLoader.java:2601) ~[jfxrt.jar:?]
	at javafx.fxml.FXMLLoader.importClass(FXMLLoader.java:2848) ~[jfxrt.jar:?]
	at javafx.fxml.FXMLLoader.processImport(FXMLLoader.java:2692) ~[jfxrt.jar:?]
	at javafx.fxml.FXMLLoader.processProcessingInstruction(FXMLLoader.java:2661) ~[jfxrt.jar:?]
	at javafx.fxml.FXMLLoader.loadImpl(FXMLLoader.java:2517) ~[jfxrt.jar:?]
	at javafx.fxml.FXMLLoader.loadImpl(FXMLLoader.java:2441) ~[jfxrt.jar:?]
	at javafx.fxml.FXMLLoader.loadImpl(FXMLLoader.java:3214) ~[jfxrt.jar:?]
	at javafx.fxml.FXMLLoader.loadImpl(FXMLLoader.java:3175) ~[jfxrt.jar:?]
	at javafx.fxml.FXMLLoader.loadImpl(FXMLLoader.java:3148) ~[jfxrt.jar:?]
	at javafx.fxml.FXMLLoader.loadImpl(FXMLLoader.java:3124) ~[jfxrt.jar:?]
	at javafx.fxml.FXMLLoader.loadImpl(FXMLLoader.java:3104) ~[jfxrt.jar:?]
	at javafx.fxml.FXMLLoader.load(FXMLLoader.java:3097) ~[jfxrt.jar:?]
	at bnb.login.LoginController.loadMain(LoginController.java:65) ~[BnB.jar:1.0]
	at bnb.login.LoginController.handleLoginButtonAction(LoginController.java:45) ~[BnB.jar:1.0]
	at sun.reflect.NativeMethodAccessorImpl.invoke0(Native Method) ~[?:1.8.0_181]
	at sun.reflect.NativeMethodAccessorImpl.invoke(NativeMethodAccessorImpl.java:62) ~[?:1.8.0_181]
	at sun.reflect.DelegatingMethodAccessorImpl.invoke(DelegatingMethodAccessorImpl.java:43) ~[?:1.8.0_181]
	at java.lang.reflect.Method.invoke(Method.java:498) ~[?:1.8.0_181]
	at sun.reflect.misc.Trampoline.invoke(MethodUtil.java:71) ~[?:1.8.0_181]
	at sun.reflect.GeneratedMethodAccessor2.invoke(Unknown Source) ~[?:?]
	at sun.reflect.DelegatingMethodAccessorImpl.invoke(DelegatingMethodAccessorImpl.java:43) ~[?:1.8.0_181]
	at java.lang.reflect.Method.invoke(Method.java:498) ~[?:1.8.0_181]
	at sun.reflect.misc.MethodUtil.invoke(MethodUtil.java:275) ~[?:1.8.0_181]
	at javafx.fxml.FXMLLoader$MethodHandler.invoke(FXMLLoader.java:1769) ~[jfxrt.jar:?]
	at javafx.fxml.FXMLLoader$ControllerMethodEventHandler.handle(FXMLLoader.java:1657) ~[jfxrt.jar:?]
	at com.sun.javafx.event.CompositeEventHandler.dispatchBubblingEvent(CompositeEventHandler.java:86) ~[jfxrt.jar:?]
	at com.sun.javafx.event.EventHandlerManager.dispatchBubblingEvent(EventHandlerManager.java:238) ~[jfxrt.jar:?]
	at com.sun.javafx.event.EventHandlerManager.dispatchBubblingEvent(EventHandlerManager.java:191) ~[jfxrt.jar:?]
	at com.sun.javafx.event.CompositeEventDispatcher.dispatchBubblingEvent(CompositeEventDispatcher.java:59) ~[jfxrt.jar:?]
	at com.sun.javafx.event.BasicEventDispatcher.dispatchEvent(BasicEventDispatcher.java:58) ~[jfxrt.jar:?]
	at com.sun.javafx.event.EventDispatchChainImpl.dispatchEvent(EventDispatchChainImpl.java:114) ~[jfxrt.jar:?]
	at com.sun.javafx.event.BasicEventDispatcher.dispatchEvent(BasicEventDispatcher.java:56) ~[jfxrt.jar:?]
	at com.sun.javafx.event.EventDispatchChainImpl.dispatchEvent(EventDispatchChainImpl.java:114) ~[jfxrt.jar:?]
	at com.sun.javafx.event.BasicEventDispatcher.dispatchEvent(BasicEventDispatcher.java:56) ~[jfxrt.jar:?]
	at com.sun.javafx.event.EventDispatchChainImpl.dispatchEvent(EventDispatchChainImpl.java:114) ~[jfxrt.jar:?]
	at com.sun.javafx.event.EventUtil.fireEventImpl(EventUtil.java:74) ~[jfxrt.jar:?]
	at com.sun.javafx.event.EventUtil.fireEvent(EventUtil.java:49) ~[jfxrt.jar:?]
	at javafx.event.Event.fireEvent(Event.java:198) ~[jfxrt.jar:?]
	at javafx.scene.Node.fireEvent(Node.java:8411) ~[jfxrt.jar:?]
	at javafx.scene.control.Button.fire(Button.java:185) ~[jfxrt.jar:?]
	at com.sun.javafx.scene.control.behavior.ButtonBehavior.mouseReleased(ButtonBehavior.java:182) ~[jfxrt.jar:?]
	at com.sun.javafx.scene.control.skin.BehaviorSkinBase$1.handle(BehaviorSkinBase.java:96) ~[jfxrt.jar:?]
	at com.sun.javafx.scene.control.skin.BehaviorSkinBase$1.handle(BehaviorSkinBase.java:89) ~[jfxrt.jar:?]
	at com.sun.javafx.event.CompositeEventHandler$NormalEventHandlerRecord.handleBubblingEvent(CompositeEventHandler.java:218) ~[jfxrt.jar:?]
	at com.sun.javafx.event.CompositeEventHandler.dispatchBubblingEvent(CompositeEventHandler.java:80) ~[jfxrt.jar:?]
	at com.sun.javafx.event.EventHandlerManager.dispatchBubblingEvent(EventHandlerManager.java:238) ~[jfxrt.jar:?]
	at com.sun.javafx.event.EventHandlerManager.dispatchBubblingEvent(EventHandlerManager.java:191) ~[jfxrt.jar:?]
	at com.sun.javafx.event.CompositeEventDispatcher.dispatchBubblingEvent(CompositeEventDispatcher.java:59) ~[jfxrt.jar:?]
	at com.sun.javafx.event.BasicEventDispatcher.dispatchEvent(BasicEventDispatcher.java:58) ~[jfxrt.jar:?]
	at com.sun.javafx.event.EventDispatchChainImpl.dispatchEvent(EventDispatchChainImpl.java:114) ~[jfxrt.jar:?]
	at com.sun.javafx.event.BasicEventDispatcher.dispatchEvent(BasicEventDispatcher.java:56) ~[jfxrt.jar:?]
	at com.sun.javafx.event.EventDispatchChainImpl.dispatchEvent(EventDispatchChainImpl.java:114) ~[jfxrt.jar:?]
	at com.sun.javafx.event.BasicEventDispatcher.dispatchEvent(BasicEventDispatcher.java:56) ~[jfxrt.jar:?]
	at com.sun.javafx.event.EventDispatchChainImpl.dispatchEvent(EventDispatchChainImpl.java:114) ~[jfxrt.jar:?]
	at com.sun.javafx.event.EventUtil.fireEventImpl(EventUtil.java:74) ~[jfxrt.jar:?]
	at com.sun.javafx.event.EventUtil.fireEvent(EventUtil.java:54) ~[jfxrt.jar:?]
	at javafx.event.Event.fireEvent(Event.java:198) ~[jfxrt.jar:?]
	at javafx.scene.Scene$MouseHandler.process(Scene.java:3757) ~[jfxrt.jar:?]
	at javafx.scene.Scene$MouseHandler.access$1500(Scene.java:3485) ~[jfxrt.jar:?]
	at javafx.scene.Scene.impl_processMouseEvent(Scene.java:1762) ~[jfxrt.jar:?]
	at javafx.scene.Scene$ScenePeerListener.mouseEvent(Scene.java:2494) ~[jfxrt.jar:?]
	at com.sun.javafx.tk.quantum.GlassViewEventHandler$MouseEventNotification.run(GlassViewEventHandler.java:394) ~[jfxrt.jar:?]
	at com.sun.javafx.tk.quantum.GlassViewEventHandler$MouseEventNotification.run(GlassViewEventHandler.java:295) ~[jfxrt.jar:?]
	at java.security.AccessController.doPrivileged(Native Method) ~[?:1.8.0_181]
	at com.sun.javafx.tk.quantum.GlassViewEventHandler.lambda$handleMouseEvent$353(GlassViewEventHandler.java:432) ~[jfxrt.jar:?]
	at com.sun.javafx.tk.quantum.QuantumToolkit.runWithoutRenderLock(QuantumToolkit.java:389) ~[jfxrt.jar:?]
	at com.sun.javafx.tk.quantum.GlassViewEventHandler.handleMouseEvent(GlassViewEventHandler.java:431) ~[jfxrt.jar:?]
	at com.sun.glass.ui.View.handleMouseEvent(View.java:555) ~[jfxrt.jar:?]
	at com.sun.glass.ui.View.notifyMouse(View.java:937) ~[jfxrt.jar:?]
	at com.sun.glass.ui.win.WinApplication._runLoop(Native Method) ~[jfxrt.jar:?]
	at com.sun.glass.ui.win.WinApplication.lambda$null$147(WinApplication.java:177) ~[jfxrt.jar:?]
	at java.lang.Thread.run(Thread.java:748) [?:1.8.0_181]
Caused by: java.lang.ClassNotFoundException: com.gluonhq.charm.glisten.control.Icon
	at java.net.URLClassLoader.findClass(URLClassLoader.java:381) ~[?:1.8.0_181]
	at java.lang.ClassLoader.loadClass(ClassLoader.java:424) ~[?:1.8.0_181]
	at sun.misc.Launcher$AppClassLoader.loadClass(Launcher.java:349) ~[?:1.8.0_181]
	at java.lang.ClassLoader.loadClass(ClassLoader.java:357) ~[?:1.8.0_181]
	at javafx.fxml.FXMLLoader.loadTypeForPackage(FXMLLoader.java:2916) ~[jfxrt.jar:?]
	at javafx.fxml.FXMLLoader.loadType(FXMLLoader.java:2905) ~[jfxrt.jar:?]
	at javafx.fxml.FXMLLoader.importClass(FXMLLoader.java:2846) ~[jfxrt.jar:?]
	... 70 more
2018-11-18 15:11:57.522 [JavaFX Application Thread] INFO  bnb.login.LoginController - User successfully logged in admin
2018-11-18 15:12:59.776 [JavaFX Application Thread] ERROR bnb.login.LoginController - {}
javafx.fxml.LoadException: 
file:/C:/Users/ahbe1/OneDrive/Documents/NetBeansProjects/BnB/dist/run738065341/BnB.jar!/bnb/clientMain/cmain.fxml

	at javafx.fxml.FXMLLoader.constructLoadException(FXMLLoader.java:2601) ~[jfxrt.jar:?]
	at javafx.fxml.FXMLLoader.importClass(FXMLLoader.java:2848) ~[jfxrt.jar:?]
	at javafx.fxml.FXMLLoader.processImport(FXMLLoader.java:2692) ~[jfxrt.jar:?]
	at javafx.fxml.FXMLLoader.processProcessingInstruction(FXMLLoader.java:2661) ~[jfxrt.jar:?]
	at javafx.fxml.FXMLLoader.loadImpl(FXMLLoader.java:2517) ~[jfxrt.jar:?]
	at javafx.fxml.FXMLLoader.loadImpl(FXMLLoader.java:2441) ~[jfxrt.jar:?]
	at javafx.fxml.FXMLLoader.loadImpl(FXMLLoader.java:3214) ~[jfxrt.jar:?]
	at javafx.fxml.FXMLLoader.loadImpl(FXMLLoader.java:3175) ~[jfxrt.jar:?]
	at javafx.fxml.FXMLLoader.loadImpl(FXMLLoader.java:3148) ~[jfxrt.jar:?]
	at javafx.fxml.FXMLLoader.loadImpl(FXMLLoader.java:3124) ~[jfxrt.jar:?]
	at javafx.fxml.FXMLLoader.loadImpl(FXMLLoader.java:3104) ~[jfxrt.jar:?]
	at javafx.fxml.FXMLLoader.load(FXMLLoader.java:3097) ~[jfxrt.jar:?]
	at bnb.login.LoginController.loadMain(LoginController.java:65) ~[BnB.jar:1.0]
	at bnb.login.LoginController.handleLoginButtonAction(LoginController.java:45) ~[BnB.jar:1.0]
	at sun.reflect.NativeMethodAccessorImpl.invoke0(Native Method) ~[?:1.8.0_181]
	at sun.reflect.NativeMethodAccessorImpl.invoke(NativeMethodAccessorImpl.java:62) ~[?:1.8.0_181]
	at sun.reflect.DelegatingMethodAccessorImpl.invoke(DelegatingMethodAccessorImpl.java:43) ~[?:1.8.0_181]
	at java.lang.reflect.Method.invoke(Method.java:498) ~[?:1.8.0_181]
	at sun.reflect.misc.Trampoline.invoke(MethodUtil.java:71) ~[?:1.8.0_181]
	at sun.reflect.GeneratedMethodAccessor2.invoke(Unknown Source) ~[?:?]
	at sun.reflect.DelegatingMethodAccessorImpl.invoke(DelegatingMethodAccessorImpl.java:43) ~[?:1.8.0_181]
	at java.lang.reflect.Method.invoke(Method.java:498) ~[?:1.8.0_181]
	at sun.reflect.misc.MethodUtil.invoke(MethodUtil.java:275) ~[?:1.8.0_181]
	at javafx.fxml.FXMLLoader$MethodHandler.invoke(FXMLLoader.java:1769) ~[jfxrt.jar:?]
	at javafx.fxml.FXMLLoader$ControllerMethodEventHandler.handle(FXMLLoader.java:1657) ~[jfxrt.jar:?]
	at com.sun.javafx.event.CompositeEventHandler.dispatchBubblingEvent(CompositeEventHandler.java:86) ~[jfxrt.jar:?]
	at com.sun.javafx.event.EventHandlerManager.dispatchBubblingEvent(EventHandlerManager.java:238) ~[jfxrt.jar:?]
	at com.sun.javafx.event.EventHandlerManager.dispatchBubblingEvent(EventHandlerManager.java:191) ~[jfxrt.jar:?]
	at com.sun.javafx.event.CompositeEventDispatcher.dispatchBubblingEvent(CompositeEventDispatcher.java:59) ~[jfxrt.jar:?]
	at com.sun.javafx.event.BasicEventDispatcher.dispatchEvent(BasicEventDispatcher.java:58) ~[jfxrt.jar:?]
	at com.sun.javafx.event.EventDispatchChainImpl.dispatchEvent(EventDispatchChainImpl.java:114) ~[jfxrt.jar:?]
	at com.sun.javafx.event.BasicEventDispatcher.dispatchEvent(BasicEventDispatcher.java:56) ~[jfxrt.jar:?]
	at com.sun.javafx.event.EventDispatchChainImpl.dispatchEvent(EventDispatchChainImpl.java:114) ~[jfxrt.jar:?]
	at com.sun.javafx.event.BasicEventDispatcher.dispatchEvent(BasicEventDispatcher.java:56) ~[jfxrt.jar:?]
	at com.sun.javafx.event.EventDispatchChainImpl.dispatchEvent(EventDispatchChainImpl.java:114) ~[jfxrt.jar:?]
	at com.sun.javafx.event.EventUtil.fireEventImpl(EventUtil.java:74) ~[jfxrt.jar:?]
	at com.sun.javafx.event.EventUtil.fireEvent(EventUtil.java:49) ~[jfxrt.jar:?]
	at javafx.event.Event.fireEvent(Event.java:198) ~[jfxrt.jar:?]
	at javafx.scene.Node.fireEvent(Node.java:8411) ~[jfxrt.jar:?]
	at javafx.scene.control.Button.fire(Button.java:185) ~[jfxrt.jar:?]
	at com.sun.javafx.scene.control.behavior.ButtonBehavior.mouseReleased(ButtonBehavior.java:182) ~[jfxrt.jar:?]
	at com.sun.javafx.scene.control.skin.BehaviorSkinBase$1.handle(BehaviorSkinBase.java:96) ~[jfxrt.jar:?]
	at com.sun.javafx.scene.control.skin.BehaviorSkinBase$1.handle(BehaviorSkinBase.java:89) ~[jfxrt.jar:?]
	at com.sun.javafx.event.CompositeEventHandler$NormalEventHandlerRecord.handleBubblingEvent(CompositeEventHandler.java:218) ~[jfxrt.jar:?]
	at com.sun.javafx.event.CompositeEventHandler.dispatchBubblingEvent(CompositeEventHandler.java:80) ~[jfxrt.jar:?]
	at com.sun.javafx.event.EventHandlerManager.dispatchBubblingEvent(EventHandlerManager.java:238) ~[jfxrt.jar:?]
	at com.sun.javafx.event.EventHandlerManager.dispatchBubblingEvent(EventHandlerManager.java:191) ~[jfxrt.jar:?]
	at com.sun.javafx.event.CompositeEventDispatcher.dispatchBubblingEvent(CompositeEventDispatcher.java:59) ~[jfxrt.jar:?]
	at com.sun.javafx.event.BasicEventDispatcher.dispatchEvent(BasicEventDispatcher.java:58) ~[jfxrt.jar:?]
	at com.sun.javafx.event.EventDispatchChainImpl.dispatchEvent(EventDispatchChainImpl.java:114) ~[jfxrt.jar:?]
	at com.sun.javafx.event.BasicEventDispatcher.dispatchEvent(BasicEventDispatcher.java:56) ~[jfxrt.jar:?]
	at com.sun.javafx.event.EventDispatchChainImpl.dispatchEvent(EventDispatchChainImpl.java:114) ~[jfxrt.jar:?]
	at com.sun.javafx.event.BasicEventDispatcher.dispatchEvent(BasicEventDispatcher.java:56) ~[jfxrt.jar:?]
	at com.sun.javafx.event.EventDispatchChainImpl.dispatchEvent(EventDispatchChainImpl.java:114) ~[jfxrt.jar:?]
	at com.sun.javafx.event.EventUtil.fireEventImpl(EventUtil.java:74) ~[jfxrt.jar:?]
	at com.sun.javafx.event.EventUtil.fireEvent(EventUtil.java:54) ~[jfxrt.jar:?]
	at javafx.event.Event.fireEvent(Event.java:198) ~[jfxrt.jar:?]
	at javafx.scene.Scene$MouseHandler.process(Scene.java:3757) ~[jfxrt.jar:?]
	at javafx.scene.Scene$MouseHandler.access$1500(Scene.java:3485) ~[jfxrt.jar:?]
	at javafx.scene.Scene.impl_processMouseEvent(Scene.java:1762) ~[jfxrt.jar:?]
	at javafx.scene.Scene$ScenePeerListener.mouseEvent(Scene.java:2494) ~[jfxrt.jar:?]
	at com.sun.javafx.tk.quantum.GlassViewEventHandler$MouseEventNotification.run(GlassViewEventHandler.java:394) ~[jfxrt.jar:?]
	at com.sun.javafx.tk.quantum.GlassViewEventHandler$MouseEventNotification.run(GlassViewEventHandler.java:295) ~[jfxrt.jar:?]
	at java.security.AccessController.doPrivileged(Native Method) ~[?:1.8.0_181]
	at com.sun.javafx.tk.quantum.GlassViewEventHandler.lambda$handleMouseEvent$353(GlassViewEventHandler.java:432) ~[jfxrt.jar:?]
	at com.sun.javafx.tk.quantum.QuantumToolkit.runWithoutRenderLock(QuantumToolkit.java:389) ~[jfxrt.jar:?]
	at com.sun.javafx.tk.quantum.GlassViewEventHandler.handleMouseEvent(GlassViewEventHandler.java:431) ~[jfxrt.jar:?]
	at com.sun.glass.ui.View.handleMouseEvent(View.java:555) ~[jfxrt.jar:?]
	at com.sun.glass.ui.View.notifyMouse(View.java:937) ~[jfxrt.jar:?]
	at com.sun.glass.ui.win.WinApplication._runLoop(Native Method) ~[jfxrt.jar:?]
	at com.sun.glass.ui.win.WinApplication.lambda$null$147(WinApplication.java:177) ~[jfxrt.jar:?]
	at java.lang.Thread.run(Thread.java:748) [?:1.8.0_181]
Caused by: java.lang.ClassNotFoundException: com.gluonhq.charm.glisten.control.Icon
	at java.net.URLClassLoader.findClass(URLClassLoader.java:381) ~[?:1.8.0_181]
	at java.lang.ClassLoader.loadClass(ClassLoader.java:424) ~[?:1.8.0_181]
	at sun.misc.Launcher$AppClassLoader.loadClass(Launcher.java:349) ~[?:1.8.0_181]
	at java.lang.ClassLoader.loadClass(ClassLoader.java:357) ~[?:1.8.0_181]
	at javafx.fxml.FXMLLoader.loadTypeForPackage(FXMLLoader.java:2916) ~[jfxrt.jar:?]
	at javafx.fxml.FXMLLoader.loadType(FXMLLoader.java:2905) ~[jfxrt.jar:?]
	at javafx.fxml.FXMLLoader.importClass(FXMLLoader.java:2846) ~[jfxrt.jar:?]
	... 70 more
2018-11-18 15:12:59.790 [JavaFX Application Thread] INFO  bnb.login.LoginController - User successfully logged in admin
2018-11-18 15:14:04.337 [JavaFX Application Thread] INFO  bnb.login.LoginController - User successfully logged in admin
2018-11-18 15:20:16.414 [JavaFX Application Thread] ERROR bnb.login.LoginController - {}
javafx.fxml.LoadException: 
file:/C:/Users/ahbe1/OneDrive/Documents/NetBeansProjects/BnB/dist/run1926520894/BnB.jar!/bnb/clientMain/cmain.fxml:21

	at javafx.fxml.FXMLLoader.constructLoadException(FXMLLoader.java:2601) ~[jfxrt.jar:?]
	at javafx.fxml.FXMLLoader.access$700(FXMLLoader.java:103) ~[jfxrt.jar:?]
	at javafx.fxml.FXMLLoader$ValueElement.processAttribute(FXMLLoader.java:922) ~[jfxrt.jar:?]
	at javafx.fxml.FXMLLoader$InstanceDeclarationElement.processAttribute(FXMLLoader.java:971) ~[jfxrt.jar:?]
	at javafx.fxml.FXMLLoader$Element.processStartElement(FXMLLoader.java:220) ~[jfxrt.jar:?]
	at javafx.fxml.FXMLLoader$ValueElement.processStartElement(FXMLLoader.java:744) ~[jfxrt.jar:?]
	at javafx.fxml.FXMLLoader.processStartElement(FXMLLoader.java:2707) ~[jfxrt.jar:?]
	at javafx.fxml.FXMLLoader.loadImpl(FXMLLoader.java:2527) ~[jfxrt.jar:?]
	at javafx.fxml.FXMLLoader.loadImpl(FXMLLoader.java:2441) ~[jfxrt.jar:?]
	at javafx.fxml.FXMLLoader.loadImpl(FXMLLoader.java:3214) ~[jfxrt.jar:?]
	at javafx.fxml.FXMLLoader.loadImpl(FXMLLoader.java:3175) ~[jfxrt.jar:?]
	at javafx.fxml.FXMLLoader.loadImpl(FXMLLoader.java:3148) ~[jfxrt.jar:?]
	at javafx.fxml.FXMLLoader.loadImpl(FXMLLoader.java:3124) ~[jfxrt.jar:?]
	at javafx.fxml.FXMLLoader.loadImpl(FXMLLoader.java:3104) ~[jfxrt.jar:?]
	at javafx.fxml.FXMLLoader.load(FXMLLoader.java:3097) ~[jfxrt.jar:?]
	at bnb.login.LoginController.loadMain(LoginController.java:65) ~[BnB.jar:1.0]
	at bnb.login.LoginController.handleLoginButtonAction(LoginController.java:45) ~[BnB.jar:1.0]
	at sun.reflect.NativeMethodAccessorImpl.invoke0(Native Method) ~[?:1.8.0_181]
	at sun.reflect.NativeMethodAccessorImpl.invoke(NativeMethodAccessorImpl.java:62) ~[?:1.8.0_181]
	at sun.reflect.DelegatingMethodAccessorImpl.invoke(DelegatingMethodAccessorImpl.java:43) ~[?:1.8.0_181]
	at java.lang.reflect.Method.invoke(Method.java:498) ~[?:1.8.0_181]
	at sun.reflect.misc.Trampoline.invoke(MethodUtil.java:71) ~[?:1.8.0_181]
	at sun.reflect.GeneratedMethodAccessor2.invoke(Unknown Source) ~[?:?]
	at sun.reflect.DelegatingMethodAccessorImpl.invoke(DelegatingMethodAccessorImpl.java:43) ~[?:1.8.0_181]
	at java.lang.reflect.Method.invoke(Method.java:498) ~[?:1.8.0_181]
	at sun.reflect.misc.MethodUtil.invoke(MethodUtil.java:275) ~[?:1.8.0_181]
	at javafx.fxml.FXMLLoader$MethodHandler.invoke(FXMLLoader.java:1769) ~[jfxrt.jar:?]
	at javafx.fxml.FXMLLoader$ControllerMethodEventHandler.handle(FXMLLoader.java:1657) ~[jfxrt.jar:?]
	at com.sun.javafx.event.CompositeEventHandler.dispatchBubblingEvent(CompositeEventHandler.java:86) ~[jfxrt.jar:?]
	at com.sun.javafx.event.EventHandlerManager.dispatchBubblingEvent(EventHandlerManager.java:238) ~[jfxrt.jar:?]
	at com.sun.javafx.event.EventHandlerManager.dispatchBubblingEvent(EventHandlerManager.java:191) ~[jfxrt.jar:?]
	at com.sun.javafx.event.CompositeEventDispatcher.dispatchBubblingEvent(CompositeEventDispatcher.java:59) ~[jfxrt.jar:?]
	at com.sun.javafx.event.BasicEventDispatcher.dispatchEvent(BasicEventDispatcher.java:58) ~[jfxrt.jar:?]
	at com.sun.javafx.event.EventDispatchChainImpl.dispatchEvent(EventDispatchChainImpl.java:114) ~[jfxrt.jar:?]
	at com.sun.javafx.event.BasicEventDispatcher.dispatchEvent(BasicEventDispatcher.java:56) ~[jfxrt.jar:?]
	at com.sun.javafx.event.EventDispatchChainImpl.dispatchEvent(EventDispatchChainImpl.java:114) ~[jfxrt.jar:?]
	at com.sun.javafx.event.BasicEventDispatcher.dispatchEvent(BasicEventDispatcher.java:56) ~[jfxrt.jar:?]
	at com.sun.javafx.event.EventDispatchChainImpl.dispatchEvent(EventDispatchChainImpl.java:114) ~[jfxrt.jar:?]
	at com.sun.javafx.event.EventUtil.fireEventImpl(EventUtil.java:74) ~[jfxrt.jar:?]
	at com.sun.javafx.event.EventUtil.fireEvent(EventUtil.java:49) ~[jfxrt.jar:?]
	at javafx.event.Event.fireEvent(Event.java:198) ~[jfxrt.jar:?]
	at javafx.scene.Node.fireEvent(Node.java:8411) ~[jfxrt.jar:?]
	at javafx.scene.control.Button.fire(Button.java:185) ~[jfxrt.jar:?]
	at com.sun.javafx.scene.control.behavior.ButtonBehavior.mouseReleased(ButtonBehavior.java:182) ~[jfxrt.jar:?]
	at com.sun.javafx.scene.control.skin.BehaviorSkinBase$1.handle(BehaviorSkinBase.java:96) ~[jfxrt.jar:?]
	at com.sun.javafx.scene.control.skin.BehaviorSkinBase$1.handle(BehaviorSkinBase.java:89) ~[jfxrt.jar:?]
	at com.sun.javafx.event.CompositeEventHandler$NormalEventHandlerRecord.handleBubblingEvent(CompositeEventHandler.java:218) ~[jfxrt.jar:?]
	at com.sun.javafx.event.CompositeEventHandler.dispatchBubblingEvent(CompositeEventHandler.java:80) ~[jfxrt.jar:?]
	at com.sun.javafx.event.EventHandlerManager.dispatchBubblingEvent(EventHandlerManager.java:238) ~[jfxrt.jar:?]
	at com.sun.javafx.event.EventHandlerManager.dispatchBubblingEvent(EventHandlerManager.java:191) ~[jfxrt.jar:?]
	at com.sun.javafx.event.CompositeEventDispatcher.dispatchBubblingEvent(CompositeEventDispatcher.java:59) ~[jfxrt.jar:?]
	at com.sun.javafx.event.BasicEventDispatcher.dispatchEvent(BasicEventDispatcher.java:58) ~[jfxrt.jar:?]
	at com.sun.javafx.event.EventDispatchChainImpl.dispatchEvent(EventDispatchChainImpl.java:114) ~[jfxrt.jar:?]
	at com.sun.javafx.event.BasicEventDispatcher.dispatchEvent(BasicEventDispatcher.java:56) ~[jfxrt.jar:?]
	at com.sun.javafx.event.EventDispatchChainImpl.dispatchEvent(EventDispatchChainImpl.java:114) ~[jfxrt.jar:?]
	at com.sun.javafx.event.BasicEventDispatcher.dispatchEvent(BasicEventDispatcher.java:56) ~[jfxrt.jar:?]
	at com.sun.javafx.event.EventDispatchChainImpl.dispatchEvent(EventDispatchChainImpl.java:114) ~[jfxrt.jar:?]
	at com.sun.javafx.event.EventUtil.fireEventImpl(EventUtil.java:74) ~[jfxrt.jar:?]
	at com.sun.javafx.event.EventUtil.fireEvent(EventUtil.java:54) ~[jfxrt.jar:?]
	at javafx.event.Event.fireEvent(Event.java:198) ~[jfxrt.jar:?]
	at javafx.scene.Scene$MouseHandler.process(Scene.java:3757) ~[jfxrt.jar:?]
	at javafx.scene.Scene$MouseHandler.access$1500(Scene.java:3485) ~[jfxrt.jar:?]
	at javafx.scene.Scene.impl_processMouseEvent(Scene.java:1762) ~[jfxrt.jar:?]
	at javafx.scene.Scene$ScenePeerListener.mouseEvent(Scene.java:2494) ~[jfxrt.jar:?]
	at com.sun.javafx.tk.quantum.GlassViewEventHandler$MouseEventNotification.run(GlassViewEventHandler.java:394) ~[jfxrt.jar:?]
	at com.sun.javafx.tk.quantum.GlassViewEventHandler$MouseEventNotification.run(GlassViewEventHandler.java:295) ~[jfxrt.jar:?]
	at java.security.AccessController.doPrivileged(Native Method) ~[?:1.8.0_181]
	at com.sun.javafx.tk.quantum.GlassViewEventHandler.lambda$handleMouseEvent$353(GlassViewEventHandler.java:432) ~[jfxrt.jar:?]
	at com.sun.javafx.tk.quantum.QuantumToolkit.runWithoutRenderLock(QuantumToolkit.java:389) ~[jfxrt.jar:?]
	at com.sun.javafx.tk.quantum.GlassViewEventHandler.handleMouseEvent(GlassViewEventHandler.java:431) ~[jfxrt.jar:?]
	at com.sun.glass.ui.View.handleMouseEvent(View.java:555) ~[jfxrt.jar:?]
	at com.sun.glass.ui.View.notifyMouse(View.java:937) ~[jfxrt.jar:?]
	at com.sun.glass.ui.win.WinApplication._runLoop(Native Method) ~[jfxrt.jar:?]
	at com.sun.glass.ui.win.WinApplication.lambda$null$147(WinApplication.java:177) ~[jfxrt.jar:?]
	at java.lang.Thread.run(Thread.java:748) [?:1.8.0_181]
Caused by: java.lang.ClassNotFoundException: library.assistant.ui.main.MainController
	at java.net.URLClassLoader.findClass(URLClassLoader.java:381) ~[?:1.8.0_181]
	at java.lang.ClassLoader.loadClass(ClassLoader.java:424) ~[?:1.8.0_181]
	at sun.misc.Launcher$AppClassLoader.loadClass(Launcher.java:349) ~[?:1.8.0_181]
	at java.lang.ClassLoader.loadClass(ClassLoader.java:357) ~[?:1.8.0_181]
	at javafx.fxml.FXMLLoader$ValueElement.processAttribute(FXMLLoader.java:920) ~[jfxrt.jar:?]
	... 72 more
2018-11-18 15:20:16.424 [JavaFX Application Thread] INFO  bnb.login.LoginController - User successfully logged in admin
2018-11-18 15:23:38.528 [JavaFX Application Thread] INFO  bnb.login.LoginController - User successfully logged in admin
2018-11-18 15:46:29.046 [JavaFX Application Thread] ERROR bnb.login.LoginController - {}
javafx.fxml.LoadException: Error resolving onAction='#handleClientButtonAction', either the event handler is not in the Namespace or there is an error in the script.
file:/C:/Users/ahbe1/OneDrive/Documents/NetBeansProjects/BnB/dist/run688347037/BnB.jar!/bnb/addMember/Adminlogin/Adminlogin.fxml:27

	at javafx.fxml.FXMLLoader.constructLoadException(FXMLLoader.java:2597) ~[jfxrt.jar:?]
	at javafx.fxml.FXMLLoader.access$100(FXMLLoader.java:103) ~[jfxrt.jar:?]
	at javafx.fxml.FXMLLoader$Element.processEventHandlerAttributes(FXMLLoader.java:610) ~[jfxrt.jar:?]
	at javafx.fxml.FXMLLoader$ValueElement.processEndElement(FXMLLoader.java:770) ~[jfxrt.jar:?]
	at javafx.fxml.FXMLLoader.processEndElement(FXMLLoader.java:2823) ~[jfxrt.jar:?]
	at javafx.fxml.FXMLLoader.loadImpl(FXMLLoader.java:2532) ~[jfxrt.jar:?]
	at javafx.fxml.FXMLLoader.loadImpl(FXMLLoader.java:2441) ~[jfxrt.jar:?]
	at javafx.fxml.FXMLLoader.loadImpl(FXMLLoader.java:3214) ~[jfxrt.jar:?]
	at javafx.fxml.FXMLLoader.loadImpl(FXMLLoader.java:3175) ~[jfxrt.jar:?]
	at javafx.fxml.FXMLLoader.loadImpl(FXMLLoader.java:3148) ~[jfxrt.jar:?]
	at javafx.fxml.FXMLLoader.loadImpl(FXMLLoader.java:3124) ~[jfxrt.jar:?]
	at javafx.fxml.FXMLLoader.loadImpl(FXMLLoader.java:3104) ~[jfxrt.jar:?]
	at javafx.fxml.FXMLLoader.load(FXMLLoader.java:3097) ~[jfxrt.jar:?]
	at bnb.login.LoginController.loadAdmin(LoginController.java:87) ~[BnB.jar:1.0]
	at bnb.login.LoginController.handleAdminButtonAction(LoginController.java:56) ~[BnB.jar:1.0]
	at sun.reflect.NativeMethodAccessorImpl.invoke0(Native Method) ~[?:1.8.0_181]
	at sun.reflect.NativeMethodAccessorImpl.invoke(NativeMethodAccessorImpl.java:62) ~[?:1.8.0_181]
	at sun.reflect.DelegatingMethodAccessorImpl.invoke(DelegatingMethodAccessorImpl.java:43) ~[?:1.8.0_181]
	at java.lang.reflect.Method.invoke(Method.java:498) ~[?:1.8.0_181]
	at sun.reflect.misc.Trampoline.invoke(MethodUtil.java:71) ~[?:1.8.0_181]
	at sun.reflect.GeneratedMethodAccessor2.invoke(Unknown Source) ~[?:?]
	at sun.reflect.DelegatingMethodAccessorImpl.invoke(DelegatingMethodAccessorImpl.java:43) ~[?:1.8.0_181]
	at java.lang.reflect.Method.invoke(Method.java:498) ~[?:1.8.0_181]
	at sun.reflect.misc.MethodUtil.invoke(MethodUtil.java:275) ~[?:1.8.0_181]
	at javafx.fxml.FXMLLoader$MethodHandler.invoke(FXMLLoader.java:1769) ~[jfxrt.jar:?]
	at javafx.fxml.FXMLLoader$ControllerMethodEventHandler.handle(FXMLLoader.java:1657) ~[jfxrt.jar:?]
	at com.sun.javafx.event.CompositeEventHandler.dispatchBubblingEvent(CompositeEventHandler.java:86) ~[jfxrt.jar:?]
	at com.sun.javafx.event.EventHandlerManager.dispatchBubblingEvent(EventHandlerManager.java:238) ~[jfxrt.jar:?]
	at com.sun.javafx.event.EventHandlerManager.dispatchBubblingEvent(EventHandlerManager.java:191) ~[jfxrt.jar:?]
	at com.sun.javafx.event.CompositeEventDispatcher.dispatchBubblingEvent(CompositeEventDispatcher.java:59) ~[jfxrt.jar:?]
	at com.sun.javafx.event.BasicEventDispatcher.dispatchEvent(BasicEventDispatcher.java:58) ~[jfxrt.jar:?]
	at com.sun.javafx.event.EventDispatchChainImpl.dispatchEvent(EventDispatchChainImpl.java:114) ~[jfxrt.jar:?]
	at com.sun.javafx.event.BasicEventDispatcher.dispatchEvent(BasicEventDispatcher.java:56) ~[jfxrt.jar:?]
	at com.sun.javafx.event.EventDispatchChainImpl.dispatchEvent(EventDispatchChainImpl.java:114) ~[jfxrt.jar:?]
	at com.sun.javafx.event.BasicEventDispatcher.dispatchEvent(BasicEventDispatcher.java:56) ~[jfxrt.jar:?]
	at com.sun.javafx.event.EventDispatchChainImpl.dispatchEvent(EventDispatchChainImpl.java:114) ~[jfxrt.jar:?]
	at com.sun.javafx.event.EventUtil.fireEventImpl(EventUtil.java:74) ~[jfxrt.jar:?]
	at com.sun.javafx.event.EventUtil.fireEvent(EventUtil.java:49) ~[jfxrt.jar:?]
	at javafx.event.Event.fireEvent(Event.java:198) ~[jfxrt.jar:?]
	at javafx.scene.Node.fireEvent(Node.java:8411) ~[jfxrt.jar:?]
	at javafx.scene.control.Button.fire(Button.java:185) ~[jfxrt.jar:?]
	at com.sun.javafx.scene.control.behavior.ButtonBehavior.mouseReleased(ButtonBehavior.java:182) ~[jfxrt.jar:?]
	at com.sun.javafx.scene.control.skin.BehaviorSkinBase$1.handle(BehaviorSkinBase.java:96) ~[jfxrt.jar:?]
	at com.sun.javafx.scene.control.skin.BehaviorSkinBase$1.handle(BehaviorSkinBase.java:89) ~[jfxrt.jar:?]
	at com.sun.javafx.event.CompositeEventHandler$NormalEventHandlerRecord.handleBubblingEvent(CompositeEventHandler.java:218) ~[jfxrt.jar:?]
	at com.sun.javafx.event.CompositeEventHandler.dispatchBubblingEvent(CompositeEventHandler.java:80) ~[jfxrt.jar:?]
	at com.sun.javafx.event.EventHandlerManager.dispatchBubblingEvent(EventHandlerManager.java:238) ~[jfxrt.jar:?]
	at com.sun.javafx.event.EventHandlerManager.dispatchBubblingEvent(EventHandlerManager.java:191) ~[jfxrt.jar:?]
	at com.sun.javafx.event.CompositeEventDispatcher.dispatchBubblingEvent(CompositeEventDispatcher.java:59) ~[jfxrt.jar:?]
	at com.sun.javafx.event.BasicEventDispatcher.dispatchEvent(BasicEventDispatcher.java:58) ~[jfxrt.jar:?]
	at com.sun.javafx.event.EventDispatchChainImpl.dispatchEvent(EventDispatchChainImpl.java:114) ~[jfxrt.jar:?]
	at com.sun.javafx.event.BasicEventDispatcher.dispatchEvent(BasicEventDispatcher.java:56) ~[jfxrt.jar:?]
	at com.sun.javafx.event.EventDispatchChainImpl.dispatchEvent(EventDispatchChainImpl.java:114) ~[jfxrt.jar:?]
	at com.sun.javafx.event.BasicEventDispatcher.dispatchEvent(BasicEventDispatcher.java:56) ~[jfxrt.jar:?]
	at com.sun.javafx.event.EventDispatchChainImpl.dispatchEvent(EventDispatchChainImpl.java:114) ~[jfxrt.jar:?]
	at com.sun.javafx.event.EventUtil.fireEventImpl(EventUtil.java:74) ~[jfxrt.jar:?]
	at com.sun.javafx.event.EventUtil.fireEvent(EventUtil.java:54) ~[jfxrt.jar:?]
	at javafx.event.Event.fireEvent(Event.java:198) ~[jfxrt.jar:?]
	at javafx.scene.Scene$MouseHandler.process(Scene.java:3757) ~[jfxrt.jar:?]
	at javafx.scene.Scene$MouseHandler.access$1500(Scene.java:3485) ~[jfxrt.jar:?]
	at javafx.scene.Scene.impl_processMouseEvent(Scene.java:1762) ~[jfxrt.jar:?]
	at javafx.scene.Scene$ScenePeerListener.mouseEvent(Scene.java:2494) ~[jfxrt.jar:?]
	at com.sun.javafx.tk.quantum.GlassViewEventHandler$MouseEventNotification.run(GlassViewEventHandler.java:394) ~[jfxrt.jar:?]
	at com.sun.javafx.tk.quantum.GlassViewEventHandler$MouseEventNotification.run(GlassViewEventHandler.java:295) ~[jfxrt.jar:?]
	at java.security.AccessController.doPrivileged(Native Method) ~[?:1.8.0_181]
	at com.sun.javafx.tk.quantum.GlassViewEventHandler.lambda$handleMouseEvent$353(GlassViewEventHandler.java:432) ~[jfxrt.jar:?]
	at com.sun.javafx.tk.quantum.QuantumToolkit.runWithoutRenderLock(QuantumToolkit.java:389) ~[jfxrt.jar:?]
	at com.sun.javafx.tk.quantum.GlassViewEventHandler.handleMouseEvent(GlassViewEventHandler.java:431) ~[jfxrt.jar:?]
	at com.sun.glass.ui.View.handleMouseEvent(View.java:555) ~[jfxrt.jar:?]
	at com.sun.glass.ui.View.notifyMouse(View.java:937) ~[jfxrt.jar:?]
	at com.sun.glass.ui.win.WinApplication._runLoop(Native Method) ~[jfxrt.jar:?]
	at com.sun.glass.ui.win.WinApplication.lambda$null$147(WinApplication.java:177) ~[jfxrt.jar:?]
	at java.lang.Thread.run(Thread.java:748) [?:1.8.0_181]
2018-11-18 15:47:37.086 [JavaFX Application Thread] ERROR bnb.login.LoginController - {}
javafx.fxml.LoadException: Error resolving onAction='#handleClientButtonAction', either the event handler is not in the Namespace or there is an error in the script.
file:/C:/Users/ahbe1/OneDrive/Documents/NetBeansProjects/BnB/dist/run467658520/BnB.jar!/bnb/addMember/Adminlogin/Adminlogin.fxml:27

	at javafx.fxml.FXMLLoader.constructLoadException(FXMLLoader.java:2597) ~[jfxrt.jar:?]
	at javafx.fxml.FXMLLoader.access$100(FXMLLoader.java:103) ~[jfxrt.jar:?]
	at javafx.fxml.FXMLLoader$Element.processEventHandlerAttributes(FXMLLoader.java:610) ~[jfxrt.jar:?]
	at javafx.fxml.FXMLLoader$ValueElement.processEndElement(FXMLLoader.java:770) ~[jfxrt.jar:?]
	at javafx.fxml.FXMLLoader.processEndElement(FXMLLoader.java:2823) ~[jfxrt.jar:?]
	at javafx.fxml.FXMLLoader.loadImpl(FXMLLoader.java:2532) ~[jfxrt.jar:?]
	at javafx.fxml.FXMLLoader.loadImpl(FXMLLoader.java:2441) ~[jfxrt.jar:?]
	at javafx.fxml.FXMLLoader.loadImpl(FXMLLoader.java:3214) ~[jfxrt.jar:?]
	at javafx.fxml.FXMLLoader.loadImpl(FXMLLoader.java:3175) ~[jfxrt.jar:?]
	at javafx.fxml.FXMLLoader.loadImpl(FXMLLoader.java:3148) ~[jfxrt.jar:?]
	at javafx.fxml.FXMLLoader.loadImpl(FXMLLoader.java:3124) ~[jfxrt.jar:?]
	at javafx.fxml.FXMLLoader.loadImpl(FXMLLoader.java:3104) ~[jfxrt.jar:?]
	at javafx.fxml.FXMLLoader.load(FXMLLoader.java:3097) ~[jfxrt.jar:?]
	at bnb.login.LoginController.loadAdmin(LoginController.java:87) ~[BnB.jar:1.0]
	at bnb.login.LoginController.handleAdminButtonAction(LoginController.java:56) ~[BnB.jar:1.0]
	at sun.reflect.NativeMethodAccessorImpl.invoke0(Native Method) ~[?:1.8.0_181]
	at sun.reflect.NativeMethodAccessorImpl.invoke(NativeMethodAccessorImpl.java:62) ~[?:1.8.0_181]
	at sun.reflect.DelegatingMethodAccessorImpl.invoke(DelegatingMethodAccessorImpl.java:43) ~[?:1.8.0_181]
	at java.lang.reflect.Method.invoke(Method.java:498) ~[?:1.8.0_181]
	at sun.reflect.misc.Trampoline.invoke(MethodUtil.java:71) ~[?:1.8.0_181]
	at sun.reflect.GeneratedMethodAccessor2.invoke(Unknown Source) ~[?:?]
	at sun.reflect.DelegatingMethodAccessorImpl.invoke(DelegatingMethodAccessorImpl.java:43) ~[?:1.8.0_181]
	at java.lang.reflect.Method.invoke(Method.java:498) ~[?:1.8.0_181]
	at sun.reflect.misc.MethodUtil.invoke(MethodUtil.java:275) ~[?:1.8.0_181]
	at javafx.fxml.FXMLLoader$MethodHandler.invoke(FXMLLoader.java:1769) ~[jfxrt.jar:?]
	at javafx.fxml.FXMLLoader$ControllerMethodEventHandler.handle(FXMLLoader.java:1657) ~[jfxrt.jar:?]
	at com.sun.javafx.event.CompositeEventHandler.dispatchBubblingEvent(CompositeEventHandler.java:86) ~[jfxrt.jar:?]
	at com.sun.javafx.event.EventHandlerManager.dispatchBubblingEvent(EventHandlerManager.java:238) ~[jfxrt.jar:?]
	at com.sun.javafx.event.EventHandlerManager.dispatchBubblingEvent(EventHandlerManager.java:191) ~[jfxrt.jar:?]
	at com.sun.javafx.event.CompositeEventDispatcher.dispatchBubblingEvent(CompositeEventDispatcher.java:59) ~[jfxrt.jar:?]
	at com.sun.javafx.event.BasicEventDispatcher.dispatchEvent(BasicEventDispatcher.java:58) ~[jfxrt.jar:?]
	at com.sun.javafx.event.EventDispatchChainImpl.dispatchEvent(EventDispatchChainImpl.java:114) ~[jfxrt.jar:?]
	at com.sun.javafx.event.BasicEventDispatcher.dispatchEvent(BasicEventDispatcher.java:56) ~[jfxrt.jar:?]
	at com.sun.javafx.event.EventDispatchChainImpl.dispatchEvent(EventDispatchChainImpl.java:114) ~[jfxrt.jar:?]
	at com.sun.javafx.event.BasicEventDispatcher.dispatchEvent(BasicEventDispatcher.java:56) ~[jfxrt.jar:?]
	at com.sun.javafx.event.EventDispatchChainImpl.dispatchEvent(EventDispatchChainImpl.java:114) ~[jfxrt.jar:?]
	at com.sun.javafx.event.EventUtil.fireEventImpl(EventUtil.java:74) ~[jfxrt.jar:?]
	at com.sun.javafx.event.EventUtil.fireEvent(EventUtil.java:49) ~[jfxrt.jar:?]
	at javafx.event.Event.fireEvent(Event.java:198) ~[jfxrt.jar:?]
	at javafx.scene.Node.fireEvent(Node.java:8411) ~[jfxrt.jar:?]
	at javafx.scene.control.Button.fire(Button.java:185) ~[jfxrt.jar:?]
	at com.sun.javafx.scene.control.behavior.ButtonBehavior.mouseReleased(ButtonBehavior.java:182) ~[jfxrt.jar:?]
	at com.sun.javafx.scene.control.skin.BehaviorSkinBase$1.handle(BehaviorSkinBase.java:96) ~[jfxrt.jar:?]
	at com.sun.javafx.scene.control.skin.BehaviorSkinBase$1.handle(BehaviorSkinBase.java:89) ~[jfxrt.jar:?]
	at com.sun.javafx.event.CompositeEventHandler$NormalEventHandlerRecord.handleBubblingEvent(CompositeEventHandler.java:218) ~[jfxrt.jar:?]
	at com.sun.javafx.event.CompositeEventHandler.dispatchBubblingEvent(CompositeEventHandler.java:80) ~[jfxrt.jar:?]
	at com.sun.javafx.event.EventHandlerManager.dispatchBubblingEvent(EventHandlerManager.java:238) ~[jfxrt.jar:?]
	at com.sun.javafx.event.EventHandlerManager.dispatchBubblingEvent(EventHandlerManager.java:191) ~[jfxrt.jar:?]
	at com.sun.javafx.event.CompositeEventDispatcher.dispatchBubblingEvent(CompositeEventDispatcher.java:59) ~[jfxrt.jar:?]
	at com.sun.javafx.event.BasicEventDispatcher.dispatchEvent(BasicEventDispatcher.java:58) ~[jfxrt.jar:?]
	at com.sun.javafx.event.EventDispatchChainImpl.dispatchEvent(EventDispatchChainImpl.java:114) ~[jfxrt.jar:?]
	at com.sun.javafx.event.BasicEventDispatcher.dispatchEvent(BasicEventDispatcher.java:56) ~[jfxrt.jar:?]
	at com.sun.javafx.event.EventDispatchChainImpl.dispatchEvent(EventDispatchChainImpl.java:114) ~[jfxrt.jar:?]
	at com.sun.javafx.event.BasicEventDispatcher.dispatchEvent(BasicEventDispatcher.java:56) ~[jfxrt.jar:?]
	at com.sun.javafx.event.EventDispatchChainImpl.dispatchEvent(EventDispatchChainImpl.java:114) ~[jfxrt.jar:?]
	at com.sun.javafx.event.EventUtil.fireEventImpl(EventUtil.java:74) ~[jfxrt.jar:?]
	at com.sun.javafx.event.EventUtil.fireEvent(EventUtil.java:54) ~[jfxrt.jar:?]
	at javafx.event.Event.fireEvent(Event.java:198) ~[jfxrt.jar:?]
	at javafx.scene.Scene$MouseHandler.process(Scene.java:3757) ~[jfxrt.jar:?]
	at javafx.scene.Scene$MouseHandler.access$1500(Scene.java:3485) ~[jfxrt.jar:?]
	at javafx.scene.Scene.impl_processMouseEvent(Scene.java:1762) ~[jfxrt.jar:?]
	at javafx.scene.Scene$ScenePeerListener.mouseEvent(Scene.java:2494) ~[jfxrt.jar:?]
	at com.sun.javafx.tk.quantum.GlassViewEventHandler$MouseEventNotification.run(GlassViewEventHandler.java:394) ~[jfxrt.jar:?]
	at com.sun.javafx.tk.quantum.GlassViewEventHandler$MouseEventNotification.run(GlassViewEventHandler.java:295) ~[jfxrt.jar:?]
	at java.security.AccessController.doPrivileged(Native Method) ~[?:1.8.0_181]
	at com.sun.javafx.tk.quantum.GlassViewEventHandler.lambda$handleMouseEvent$353(GlassViewEventHandler.java:432) ~[jfxrt.jar:?]
	at com.sun.javafx.tk.quantum.QuantumToolkit.runWithoutRenderLock(QuantumToolkit.java:389) ~[jfxrt.jar:?]
	at com.sun.javafx.tk.quantum.GlassViewEventHandler.handleMouseEvent(GlassViewEventHandler.java:431) ~[jfxrt.jar:?]
	at com.sun.glass.ui.View.handleMouseEvent(View.java:555) ~[jfxrt.jar:?]
	at com.sun.glass.ui.View.notifyMouse(View.java:937) ~[jfxrt.jar:?]
	at com.sun.glass.ui.win.WinApplication._runLoop(Native Method) ~[jfxrt.jar:?]
	at com.sun.glass.ui.win.WinApplication.lambda$null$147(WinApplication.java:177) ~[jfxrt.jar:?]
	at java.lang.Thread.run(Thread.java:748) [?:1.8.0_181]
2018-11-18 15:50:00.824 [JavaFX Application Thread] INFO  bnb.login.LoginController - User successfully logged in admin
2018-11-18 15:53:09.894 [JavaFX Application Thread] INFO  bnb.addMember.Adminlogin.AdminloginController - User successfully logged in admin
2018-11-18 16:03:52.276 [JavaFX Application Thread] ERROR bnb.addMember.Adminlogin.AdminloginController - {}
javafx.fxml.LoadException: 
file:/C:/Users/ahbe1/OneDrive/Documents/NetBeansProjects/BnB/dist/run1171739615/BnB.jar!/bnb/adminMain/adminMain.fxml:21

	at javafx.fxml.FXMLLoader.constructLoadException(FXMLLoader.java:2601) ~[jfxrt.jar:?]
	at javafx.fxml.FXMLLoader.access$700(FXMLLoader.java:103) ~[jfxrt.jar:?]
	at javafx.fxml.FXMLLoader$ValueElement.processAttribute(FXMLLoader.java:922) ~[jfxrt.jar:?]
	at javafx.fxml.FXMLLoader$InstanceDeclarationElement.processAttribute(FXMLLoader.java:971) ~[jfxrt.jar:?]
	at javafx.fxml.FXMLLoader$Element.processStartElement(FXMLLoader.java:220) ~[jfxrt.jar:?]
	at javafx.fxml.FXMLLoader$ValueElement.processStartElement(FXMLLoader.java:744) ~[jfxrt.jar:?]
	at javafx.fxml.FXMLLoader.processStartElement(FXMLLoader.java:2707) ~[jfxrt.jar:?]
	at javafx.fxml.FXMLLoader.loadImpl(FXMLLoader.java:2527) ~[jfxrt.jar:?]
	at javafx.fxml.FXMLLoader.loadImpl(FXMLLoader.java:2441) ~[jfxrt.jar:?]
	at javafx.fxml.FXMLLoader.loadImpl(FXMLLoader.java:3214) ~[jfxrt.jar:?]
	at javafx.fxml.FXMLLoader.loadImpl(FXMLLoader.java:3175) ~[jfxrt.jar:?]
	at javafx.fxml.FXMLLoader.loadImpl(FXMLLoader.java:3148) ~[jfxrt.jar:?]
	at javafx.fxml.FXMLLoader.loadImpl(FXMLLoader.java:3124) ~[jfxrt.jar:?]
	at javafx.fxml.FXMLLoader.loadImpl(FXMLLoader.java:3104) ~[jfxrt.jar:?]
	at javafx.fxml.FXMLLoader.load(FXMLLoader.java:3097) ~[jfxrt.jar:?]
	at bnb.addMember.Adminlogin.AdminloginController.loadMain(AdminloginController.java:85) ~[BnB.jar:1.0]
	at bnb.addMember.Adminlogin.AdminloginController.handleLoginButtonAction(AdminloginController.java:46) ~[BnB.jar:1.0]
	at sun.reflect.NativeMethodAccessorImpl.invoke0(Native Method) ~[?:1.8.0_181]
	at sun.reflect.NativeMethodAccessorImpl.invoke(NativeMethodAccessorImpl.java:62) ~[?:1.8.0_181]
	at sun.reflect.DelegatingMethodAccessorImpl.invoke(DelegatingMethodAccessorImpl.java:43) ~[?:1.8.0_181]
	at java.lang.reflect.Method.invoke(Method.java:498) ~[?:1.8.0_181]
	at sun.reflect.misc.Trampoline.invoke(MethodUtil.java:71) ~[?:1.8.0_181]
	at sun.reflect.GeneratedMethodAccessor2.invoke(Unknown Source) ~[?:?]
	at sun.reflect.DelegatingMethodAccessorImpl.invoke(DelegatingMethodAccessorImpl.java:43) ~[?:1.8.0_181]
	at java.lang.reflect.Method.invoke(Method.java:498) ~[?:1.8.0_181]
	at sun.reflect.misc.MethodUtil.invoke(MethodUtil.java:275) ~[?:1.8.0_181]
	at javafx.fxml.FXMLLoader$MethodHandler.invoke(FXMLLoader.java:1769) ~[jfxrt.jar:?]
	at javafx.fxml.FXMLLoader$ControllerMethodEventHandler.handle(FXMLLoader.java:1657) ~[jfxrt.jar:?]
	at com.sun.javafx.event.CompositeEventHandler.dispatchBubblingEvent(CompositeEventHandler.java:86) ~[jfxrt.jar:?]
	at com.sun.javafx.event.EventHandlerManager.dispatchBubblingEvent(EventHandlerManager.java:238) ~[jfxrt.jar:?]
	at com.sun.javafx.event.EventHandlerManager.dispatchBubblingEvent(EventHandlerManager.java:191) ~[jfxrt.jar:?]
	at com.sun.javafx.event.CompositeEventDispatcher.dispatchBubblingEvent(CompositeEventDispatcher.java:59) ~[jfxrt.jar:?]
	at com.sun.javafx.event.BasicEventDispatcher.dispatchEvent(BasicEventDispatcher.java:58) ~[jfxrt.jar:?]
	at com.sun.javafx.event.EventDispatchChainImpl.dispatchEvent(EventDispatchChainImpl.java:114) ~[jfxrt.jar:?]
	at com.sun.javafx.event.BasicEventDispatcher.dispatchEvent(BasicEventDispatcher.java:56) ~[jfxrt.jar:?]
	at com.sun.javafx.event.EventDispatchChainImpl.dispatchEvent(EventDispatchChainImpl.java:114) ~[jfxrt.jar:?]
	at com.sun.javafx.event.BasicEventDispatcher.dispatchEvent(BasicEventDispatcher.java:56) ~[jfxrt.jar:?]
	at com.sun.javafx.event.EventDispatchChainImpl.dispatchEvent(EventDispatchChainImpl.java:114) ~[jfxrt.jar:?]
	at com.sun.javafx.event.EventUtil.fireEventImpl(EventUtil.java:74) ~[jfxrt.jar:?]
	at com.sun.javafx.event.EventUtil.fireEvent(EventUtil.java:49) ~[jfxrt.jar:?]
	at javafx.event.Event.fireEvent(Event.java:198) ~[jfxrt.jar:?]
	at javafx.scene.Node.fireEvent(Node.java:8411) ~[jfxrt.jar:?]
	at javafx.scene.control.Button.fire(Button.java:185) ~[jfxrt.jar:?]
	at com.sun.javafx.scene.control.behavior.ButtonBehavior.mouseReleased(ButtonBehavior.java:182) ~[jfxrt.jar:?]
	at com.sun.javafx.scene.control.skin.BehaviorSkinBase$1.handle(BehaviorSkinBase.java:96) ~[jfxrt.jar:?]
	at com.sun.javafx.scene.control.skin.BehaviorSkinBase$1.handle(BehaviorSkinBase.java:89) ~[jfxrt.jar:?]
	at com.sun.javafx.event.CompositeEventHandler$NormalEventHandlerRecord.handleBubblingEvent(CompositeEventHandler.java:218) ~[jfxrt.jar:?]
	at com.sun.javafx.event.CompositeEventHandler.dispatchBubblingEvent(CompositeEventHandler.java:80) ~[jfxrt.jar:?]
	at com.sun.javafx.event.EventHandlerManager.dispatchBubblingEvent(EventHandlerManager.java:238) ~[jfxrt.jar:?]
	at com.sun.javafx.event.EventHandlerManager.dispatchBubblingEvent(EventHandlerManager.java:191) ~[jfxrt.jar:?]
	at com.sun.javafx.event.CompositeEventDispatcher.dispatchBubblingEvent(CompositeEventDispatcher.java:59) ~[jfxrt.jar:?]
	at com.sun.javafx.event.BasicEventDispatcher.dispatchEvent(BasicEventDispatcher.java:58) ~[jfxrt.jar:?]
	at com.sun.javafx.event.EventDispatchChainImpl.dispatchEvent(EventDispatchChainImpl.java:114) ~[jfxrt.jar:?]
	at com.sun.javafx.event.BasicEventDispatcher.dispatchEvent(BasicEventDispatcher.java:56) ~[jfxrt.jar:?]
	at com.sun.javafx.event.EventDispatchChainImpl.dispatchEvent(EventDispatchChainImpl.java:114) ~[jfxrt.jar:?]
	at com.sun.javafx.event.BasicEventDispatcher.dispatchEvent(BasicEventDispatcher.java:56) ~[jfxrt.jar:?]
	at com.sun.javafx.event.EventDispatchChainImpl.dispatchEvent(EventDispatchChainImpl.java:114) ~[jfxrt.jar:?]
	at com.sun.javafx.event.EventUtil.fireEventImpl(EventUtil.java:74) ~[jfxrt.jar:?]
	at com.sun.javafx.event.EventUtil.fireEvent(EventUtil.java:54) ~[jfxrt.jar:?]
	at javafx.event.Event.fireEvent(Event.java:198) ~[jfxrt.jar:?]
	at javafx.scene.Scene$MouseHandler.process(Scene.java:3757) ~[jfxrt.jar:?]
	at javafx.scene.Scene$MouseHandler.access$1500(Scene.java:3485) ~[jfxrt.jar:?]
	at javafx.scene.Scene.impl_processMouseEvent(Scene.java:1762) ~[jfxrt.jar:?]
	at javafx.scene.Scene$ScenePeerListener.mouseEvent(Scene.java:2494) ~[jfxrt.jar:?]
	at com.sun.javafx.tk.quantum.GlassViewEventHandler$MouseEventNotification.run(GlassViewEventHandler.java:394) ~[jfxrt.jar:?]
	at com.sun.javafx.tk.quantum.GlassViewEventHandler$MouseEventNotification.run(GlassViewEventHandler.java:295) ~[jfxrt.jar:?]
	at java.security.AccessController.doPrivileged(Native Method) ~[?:1.8.0_181]
	at com.sun.javafx.tk.quantum.GlassViewEventHandler.lambda$handleMouseEvent$353(GlassViewEventHandler.java:432) ~[jfxrt.jar:?]
	at com.sun.javafx.tk.quantum.QuantumToolkit.runWithoutRenderLock(QuantumToolkit.java:389) ~[jfxrt.jar:?]
	at com.sun.javafx.tk.quantum.GlassViewEventHandler.handleMouseEvent(GlassViewEventHandler.java:431) ~[jfxrt.jar:?]
	at com.sun.glass.ui.View.handleMouseEvent(View.java:555) ~[jfxrt.jar:?]
	at com.sun.glass.ui.View.notifyMouse(View.java:937) ~[jfxrt.jar:?]
	at com.sun.glass.ui.win.WinApplication._runLoop(Native Method) ~[jfxrt.jar:?]
	at com.sun.glass.ui.win.WinApplication.lambda$null$147(WinApplication.java:177) ~[jfxrt.jar:?]
	at java.lang.Thread.run(Thread.java:748) [?:1.8.0_181]
Caused by: java.lang.ClassNotFoundException: library.assistant.ui.main.MainController
	at java.net.URLClassLoader.findClass(URLClassLoader.java:381) ~[?:1.8.0_181]
	at java.lang.ClassLoader.loadClass(ClassLoader.java:424) ~[?:1.8.0_181]
	at sun.misc.Launcher$AppClassLoader.loadClass(Launcher.java:349) ~[?:1.8.0_181]
	at java.lang.ClassLoader.loadClass(ClassLoader.java:357) ~[?:1.8.0_181]
	at javafx.fxml.FXMLLoader$ValueElement.processAttribute(FXMLLoader.java:920) ~[jfxrt.jar:?]
	... 72 more
2018-11-18 16:03:52.289 [JavaFX Application Thread] INFO  bnb.addMember.Adminlogin.AdminloginController - User successfully logged in admin
2018-11-18 16:06:23.938 [JavaFX Application Thread] INFO  bnb.addMember.Adminlogin.AdminloginController - User successfully logged in admin
2018-11-18 16:12:10.767 [JavaFX Application Thread] INFO  bnb.addMember.Adminlogin.AdminloginController - User successfully logged in admin
2018-11-18 16:15:45.395 [JavaFX Application Thread] ERROR bnb.login.LoginController - {}
javafx.fxml.LoadException: Error resolving onAction='#handleMenuSettings', either the event handler is not in the Namespace or there is an error in the script.
file:/C:/Users/ahbe1/OneDrive/Documents/NetBeansProjects/BnB/dist/run29212531/BnB.jar!/bnb/clientMain/cmain.fxml:25

	at javafx.fxml.FXMLLoader.constructLoadException(FXMLLoader.java:2597) ~[jfxrt.jar:?]
	at javafx.fxml.FXMLLoader.access$100(FXMLLoader.java:103) ~[jfxrt.jar:?]
	at javafx.fxml.FXMLLoader$Element.processEventHandlerAttributes(FXMLLoader.java:610) ~[jfxrt.jar:?]
	at javafx.fxml.FXMLLoader$ValueElement.processEndElement(FXMLLoader.java:770) ~[jfxrt.jar:?]
	at javafx.fxml.FXMLLoader.processEndElement(FXMLLoader.java:2823) ~[jfxrt.jar:?]
	at javafx.fxml.FXMLLoader.loadImpl(FXMLLoader.java:2532) ~[jfxrt.jar:?]
	at javafx.fxml.FXMLLoader.loadImpl(FXMLLoader.java:2441) ~[jfxrt.jar:?]
	at javafx.fxml.FXMLLoader.loadImpl(FXMLLoader.java:3214) ~[jfxrt.jar:?]
	at javafx.fxml.FXMLLoader.loadImpl(FXMLLoader.java:3175) ~[jfxrt.jar:?]
	at javafx.fxml.FXMLLoader.loadImpl(FXMLLoader.java:3148) ~[jfxrt.jar:?]
	at javafx.fxml.FXMLLoader.loadImpl(FXMLLoader.java:3124) ~[jfxrt.jar:?]
	at javafx.fxml.FXMLLoader.loadImpl(FXMLLoader.java:3104) ~[jfxrt.jar:?]
	at javafx.fxml.FXMLLoader.load(FXMLLoader.java:3097) ~[jfxrt.jar:?]
	at bnb.login.LoginController.loadMain(LoginController.java:101) ~[BnB.jar:1.0]
	at bnb.login.LoginController.handleLoginButtonAction(LoginController.java:45) ~[BnB.jar:1.0]
	at sun.reflect.NativeMethodAccessorImpl.invoke0(Native Method) ~[?:1.8.0_181]
	at sun.reflect.NativeMethodAccessorImpl.invoke(NativeMethodAccessorImpl.java:62) ~[?:1.8.0_181]
	at sun.reflect.DelegatingMethodAccessorImpl.invoke(DelegatingMethodAccessorImpl.java:43) ~[?:1.8.0_181]
	at java.lang.reflect.Method.invoke(Method.java:498) ~[?:1.8.0_181]
	at sun.reflect.misc.Trampoline.invoke(MethodUtil.java:71) ~[?:1.8.0_181]
	at sun.reflect.GeneratedMethodAccessor2.invoke(Unknown Source) ~[?:?]
	at sun.reflect.DelegatingMethodAccessorImpl.invoke(DelegatingMethodAccessorImpl.java:43) ~[?:1.8.0_181]
	at java.lang.reflect.Method.invoke(Method.java:498) ~[?:1.8.0_181]
	at sun.reflect.misc.MethodUtil.invoke(MethodUtil.java:275) ~[?:1.8.0_181]
	at javafx.fxml.FXMLLoader$MethodHandler.invoke(FXMLLoader.java:1769) ~[jfxrt.jar:?]
	at javafx.fxml.FXMLLoader$ControllerMethodEventHandler.handle(FXMLLoader.java:1657) ~[jfxrt.jar:?]
	at com.sun.javafx.event.CompositeEventHandler.dispatchBubblingEvent(CompositeEventHandler.java:86) ~[jfxrt.jar:?]
	at com.sun.javafx.event.EventHandlerManager.dispatchBubblingEvent(EventHandlerManager.java:238) ~[jfxrt.jar:?]
	at com.sun.javafx.event.EventHandlerManager.dispatchBubblingEvent(EventHandlerManager.java:191) ~[jfxrt.jar:?]
	at com.sun.javafx.event.CompositeEventDispatcher.dispatchBubblingEvent(CompositeEventDispatcher.java:59) ~[jfxrt.jar:?]
	at com.sun.javafx.event.BasicEventDispatcher.dispatchEvent(BasicEventDispatcher.java:58) ~[jfxrt.jar:?]
	at com.sun.javafx.event.EventDispatchChainImpl.dispatchEvent(EventDispatchChainImpl.java:114) ~[jfxrt.jar:?]
	at com.sun.javafx.event.BasicEventDispatcher.dispatchEvent(BasicEventDispatcher.java:56) ~[jfxrt.jar:?]
	at com.sun.javafx.event.EventDispatchChainImpl.dispatchEvent(EventDispatchChainImpl.java:114) ~[jfxrt.jar:?]
	at com.sun.javafx.event.BasicEventDispatcher.dispatchEvent(BasicEventDispatcher.java:56) ~[jfxrt.jar:?]
	at com.sun.javafx.event.EventDispatchChainImpl.dispatchEvent(EventDispatchChainImpl.java:114) ~[jfxrt.jar:?]
	at com.sun.javafx.event.EventUtil.fireEventImpl(EventUtil.java:74) ~[jfxrt.jar:?]
	at com.sun.javafx.event.EventUtil.fireEvent(EventUtil.java:49) ~[jfxrt.jar:?]
	at javafx.event.Event.fireEvent(Event.java:198) ~[jfxrt.jar:?]
	at javafx.scene.Node.fireEvent(Node.java:8411) ~[jfxrt.jar:?]
	at javafx.scene.control.Button.fire(Button.java:185) ~[jfxrt.jar:?]
	at com.sun.javafx.scene.control.behavior.ButtonBehavior.mouseReleased(ButtonBehavior.java:182) ~[jfxrt.jar:?]
	at com.sun.javafx.scene.control.skin.BehaviorSkinBase$1.handle(BehaviorSkinBase.java:96) ~[jfxrt.jar:?]
	at com.sun.javafx.scene.control.skin.BehaviorSkinBase$1.handle(BehaviorSkinBase.java:89) ~[jfxrt.jar:?]
	at com.sun.javafx.event.CompositeEventHandler$NormalEventHandlerRecord.handleBubblingEvent(CompositeEventHandler.java:218) ~[jfxrt.jar:?]
	at com.sun.javafx.event.CompositeEventHandler.dispatchBubblingEvent(CompositeEventHandler.java:80) ~[jfxrt.jar:?]
	at com.sun.javafx.event.EventHandlerManager.dispatchBubblingEvent(EventHandlerManager.java:238) ~[jfxrt.jar:?]
	at com.sun.javafx.event.EventHandlerManager.dispatchBubblingEvent(EventHandlerManager.java:191) ~[jfxrt.jar:?]
	at com.sun.javafx.event.CompositeEventDispatcher.dispatchBubblingEvent(CompositeEventDispatcher.java:59) ~[jfxrt.jar:?]
	at com.sun.javafx.event.BasicEventDispatcher.dispatchEvent(BasicEventDispatcher.java:58) ~[jfxrt.jar:?]
	at com.sun.javafx.event.EventDispatchChainImpl.dispatchEvent(EventDispatchChainImpl.java:114) ~[jfxrt.jar:?]
	at com.sun.javafx.event.BasicEventDispatcher.dispatchEvent(BasicEventDispatcher.java:56) ~[jfxrt.jar:?]
	at com.sun.javafx.event.EventDispatchChainImpl.dispatchEvent(EventDispatchChainImpl.java:114) ~[jfxrt.jar:?]
	at com.sun.javafx.event.BasicEventDispatcher.dispatchEvent(BasicEventDispatcher.java:56) ~[jfxrt.jar:?]
	at com.sun.javafx.event.EventDispatchChainImpl.dispatchEvent(EventDispatchChainImpl.java:114) ~[jfxrt.jar:?]
	at com.sun.javafx.event.EventUtil.fireEventImpl(EventUtil.java:74) ~[jfxrt.jar:?]
	at com.sun.javafx.event.EventUtil.fireEvent(EventUtil.java:54) ~[jfxrt.jar:?]
	at javafx.event.Event.fireEvent(Event.java:198) ~[jfxrt.jar:?]
	at javafx.scene.Scene$MouseHandler.process(Scene.java:3757) ~[jfxrt.jar:?]
	at javafx.scene.Scene$MouseHandler.access$1500(Scene.java:3485) ~[jfxrt.jar:?]
	at javafx.scene.Scene.impl_processMouseEvent(Scene.java:1762) ~[jfxrt.jar:?]
	at javafx.scene.Scene$ScenePeerListener.mouseEvent(Scene.java:2494) ~[jfxrt.jar:?]
	at com.sun.javafx.tk.quantum.GlassViewEventHandler$MouseEventNotification.run(GlassViewEventHandler.java:394) ~[jfxrt.jar:?]
	at com.sun.javafx.tk.quantum.GlassViewEventHandler$MouseEventNotification.run(GlassViewEventHandler.java:295) ~[jfxrt.jar:?]
	at java.security.AccessController.doPrivileged(Native Method) ~[?:1.8.0_181]
	at com.sun.javafx.tk.quantum.GlassViewEventHandler.lambda$handleMouseEvent$353(GlassViewEventHandler.java:432) ~[jfxrt.jar:?]
	at com.sun.javafx.tk.quantum.QuantumToolkit.runWithoutRenderLock(QuantumToolkit.java:389) ~[jfxrt.jar:?]
	at com.sun.javafx.tk.quantum.GlassViewEventHandler.handleMouseEvent(GlassViewEventHandler.java:431) ~[jfxrt.jar:?]
	at com.sun.glass.ui.View.handleMouseEvent(View.java:555) ~[jfxrt.jar:?]
	at com.sun.glass.ui.View.notifyMouse(View.java:937) ~[jfxrt.jar:?]
	at com.sun.glass.ui.win.WinApplication._runLoop(Native Method) ~[jfxrt.jar:?]
	at com.sun.glass.ui.win.WinApplication.lambda$null$147(WinApplication.java:177) ~[jfxrt.jar:?]
	at java.lang.Thread.run(Thread.java:748) [?:1.8.0_181]
2018-11-18 16:15:45.404 [JavaFX Application Thread] INFO  bnb.login.LoginController - User successfully logged in admin
2018-11-18 16:19:08.682 [JavaFX Application Thread] INFO  bnb.login.LoginController - User successfully logged in admin
2018-11-18 16:40:37.158 [JavaFX Application Thread] INFO  bnb.addMember.Adminlogin.AdminloginController - User successfully logged in admin
